15:17:20 **** Clean-only build of configuration Debug for project gridmap_2d ****
make clean 
rm -rf  ./src/GridMap2D.o  ./src/GridMap2D.d  gridmap_2d
 
15:17:20 **** Build of configuration Debug for project gridmap_2d ****
make all 
Building file: ../src/GridMap2D.cpp
Invoking: GCC C++ Compiler
g++ -O0 -g3 -Wall -c -fmessage-length=0 -MMD -MP -MF"src/GridMap2D.d" -MT"src/GridMap2D.o" -o "src/GridMap2D.o" "../src/GridMap2D.cpp"
../src/GridMap2D.cpp:31:10: fatal error: gridmap_2d/GridMap2D.h: No such file or directory
   31 | #include "gridmap_2d/GridMap2D.h"
      |          ^~~~~~~~~~~~~~~~~~~~~~~~
compilation terminated.
make: *** [src/subdir.mk:20: src/GridMap2D.o] Error 1
"make all" terminated with exit code 2. Build might be incomplete.
15:17:21 **** Clean-only build of configuration Debug for project octomap_server ****
make clean 
rm -rf  ./src/OctomapServer.o ./src/OctomapServerMultilayer.o ./src/TrackingOctomapServer.o ./src/octomap_saver.o ./src/octomap_server_multilayer.o ./src/octomap_server_node.o ./src/octomap_server_nodelet.o ./src/octomap_server_static.o ./src/octomap_tracking_server_node.o  ./src/OctomapServer.d ./src/OctomapServerMultilayer.d ./src/TrackingOctomapServer.d ./src/octomap_saver.d ./src/octomap_server_multilayer.d ./src/octomap_server_node.d ./src/octomap_server_nodelet.d ./src/octomap_server_static.d ./src/octomap_tracking_server_node.d  octomap_server_project
 
15:17:21 **** Build of configuration Debug for project octomap_server ****
make all 
Building file: ../src/OctomapServer.cpp
Invoking: GCC C++ Compiler
g++ -I/opt/ros/noetic/include -I/home/hankm/catkin_ws/src -I/home/hankm/catkin_ws/devel/include -O0 -g3 -Wall -c -fmessage-length=0 -MMD -MP -MF"src/OctomapServer.d" -MT"src/OctomapServer.o" -o "src/OctomapServer.o" "../src/OctomapServer.cpp"
../src/OctomapServer.cpp:30:10: fatal error: octomap_server/OctomapServer.h: No such file or directory
   30 | #include <octomap_server/OctomapServer.h>
      |          ^~~~~~~~~~~~~~~~~~~~~~~~~~~~~~~~
compilation terminated.
make: *** [src/subdir.mk:44: src/OctomapServer.o] Error 1
"make all" terminated with exit code 2. Build might be incomplete.
15:17:21 **** Clean-only build of configuration Debug for project octomap_tests ****
make clean 
rm -rf  ./src/OctomapTest.o ./src/classify_cell_info.o  ./build/CMakeFiles/3.16.3/CompilerIdCXX/CMakeCXXCompilerId.o  ./build/CMakeFiles/3.16.3/CompilerIdC/CMakeCCompilerId.o  ./src/OctomapTest.d ./src/classify_cell_info.d  ./build/CMakeFiles/3.16.3/CompilerIdCXX/CMakeCXXCompilerId.d  ./build/CMakeFiles/3.16.3/CompilerIdC/CMakeCCompilerId.d  octomap_tests
 
15:17:21 **** Build of configuration Debug for project octomap_tests ****
make all 
Building file: ../src/OctomapTest.cpp
Invoking: GCC C++ Compiler
g++ -I/opt/ros/noetic/include -I/usr/local/include/pcl-1.9 -include/opt/ros/noetic/include -include/usr/local/include/pcl-1.9 -O0 -g3 -Wall -c -fmessage-length=0 -MMD -MP -MF"src/OctomapTest.d" -MT"src/OctomapTest.o" -o "src/OctomapTest.o" "../src/OctomapTest.cpp"
cc1plus: fatal error: /opt/ros/noetic/include: No such file or directory
compilation terminated.
make: *** [src/subdir.mk:23: src/OctomapTest.o] Error 1
"make all" terminated with exit code 2. Build might be incomplete.
14:37:05 **** Build of configuration Debug for project gridmap_2d ****
make all 
Building file: ../src/GridMap2D.cpp
Invoking: GCC C++ Compiler
g++ -O0 -g3 -Wall -c -fmessage-length=0 -MMD -MP -MF"src/GridMap2D.d" -MT"src/GridMap2D.o" -o "src/GridMap2D.o" "../src/GridMap2D.cpp"
../src/GridMap2D.cpp:31:10: fatal error: gridmap_2d/GridMap2D.h: No such file or directory
   31 | #include "gridmap_2d/GridMap2D.h"
      |          ^~~~~~~~~~~~~~~~~~~~~~~~
compilation terminated.
make: *** [src/subdir.mk:20: src/GridMap2D.o] Error 1
"make all" terminated with exit code 2. Build might be incomplete.
14:37:05 **** Build of configuration Debug for project octomap_server ****
make all 
Building file: ../src/OctomapServer.cpp
Invoking: GCC C++ Compiler
g++ -I/opt/ros/noetic/include -I/home/hankm/catkin_ws/src -I/home/hankm/catkin_ws/devel/include -O0 -g3 -Wall -c -fmessage-length=0 -MMD -MP -MF"src/OctomapServer.d" -MT"src/OctomapServer.o" -o "src/OctomapServer.o" "../src/OctomapServer.cpp"
../src/OctomapServer.cpp:30:10: fatal error: octomap_server/OctomapServer.h: No such file or directory
   30 | #include <octomap_server/OctomapServer.h>
      |          ^~~~~~~~~~~~~~~~~~~~~~~~~~~~~~~~
compilation terminated.
make: *** [src/subdir.mk:44: src/OctomapServer.o] Error 1
"make all" terminated with exit code 2. Build might be incomplete.
14:37:05 **** Build of configuration Debug for project octomap_tests ****
make all 
Building file: ../src/OctomapTest.cpp
Invoking: GCC C++ Compiler
g++ -I/opt/ros/noetic/include -I/usr/local/include/pcl-1.9 -include/opt/ros/noetic/include -include/usr/local/include/pcl-1.9 -O0 -g3 -Wall -c -fmessage-length=0 -MMD -MP -MF"src/OctomapTest.d" -MT"src/OctomapTest.o" -o "src/OctomapTest.o" "../src/OctomapTest.cpp"
cc1plus: fatal error: /opt/ros/noetic/include: No such file or directory
compilation terminated.
make: *** [src/subdir.mk:23: src/OctomapTest.o] Error 1
"make all" terminated with exit code 2. Build might be incomplete.
